<?xml version="1.0" encoding="UTF-8"?>
<!-- Generated by org.testng.reporters.JUnitXMLReporter -->
<testsuite ignored="1" hostname="Harikrishnan" failures="4" tests="4" name="NegativeTests" time="0.186" errors="0" timestamp="2024-11-19T18:06:16 IST">
  <testcase classname="com.runnermaterials.LoginPageRunner" name="onlyDepartment" time="0.085">
    <failure type="java.lang.AssertionError" message="Error: Occur During Opening The Url!">
      <![CDATA[java.lang.AssertionError: Error: Occur During Opening The Url!
at com.baseclass.BaseClass.launchUrl(BaseClass.java:35)
at com.pageobjectmodel.OpenHMRSLogin.departmentOnly(OpenHMRSLogin.java:98)
at com.runnermaterials.LoginPageRunner.onlyDepartment(LoginPageRunner.java:43)
at java.base/java.util.ArrayList.forEach(ArrayList.java:1596)
at java.base/java.util.concurrent.FutureTask.run(FutureTask.java:317)
at java.base/java.util.concurrent.ThreadPoolExecutor.runWorker(ThreadPoolExecutor.java:1144)
at java.base/java.util.concurrent.ThreadPoolExecutor$Worker.run(ThreadPoolExecutor.java:642)
at java.base/java.lang.Thread.run(Thread.java:1583)
... Removed 17 stack frames]]>
    </failure>
  </testcase> <!-- onlyDepartment -->
  <testcase classname="com.runnermaterials.LoginPageRunner" name="withoutAnyInput" time="0.003">
    <failure type="java.lang.AssertionError" message="Error: Occur During Opening The Url!">
      <![CDATA[java.lang.AssertionError: Error: Occur During Opening The Url!
at com.baseclass.BaseClass.launchUrl(BaseClass.java:35)
at com.pageobjectmodel.OpenHMRSLogin.withoutAnyData(OpenHMRSLogin.java:86)
at com.runnermaterials.LoginPageRunner.withoutAnyInput(LoginPageRunner.java:38)
at java.base/java.util.ArrayList.forEach(ArrayList.java:1596)
at java.base/java.util.concurrent.FutureTask.run(FutureTask.java:317)
at java.base/java.util.concurrent.ThreadPoolExecutor.runWorker(ThreadPoolExecutor.java:1144)
at java.base/java.util.concurrent.ThreadPoolExecutor$Worker.run(ThreadPoolExecutor.java:642)
at java.base/java.lang.Thread.run(Thread.java:1583)
... Removed 17 stack frames]]>
    </failure>
  </testcase> <!-- withoutAnyInput -->
  <testcase classname="com.runnermaterials.LoginPageRunner" name="withoutDepartment" time="0.001">
    <failure type="java.lang.AssertionError" message="Error: Occur During Opening The Url!">
      <![CDATA[java.lang.AssertionError: Error: Occur During Opening The Url!
at com.baseclass.BaseClass.launchUrl(BaseClass.java:35)
at com.pageobjectmodel.OpenHMRSLogin.invaildDepartment(OpenHMRSLogin.java:72)
at com.runnermaterials.LoginPageRunner.withoutDepartment(LoginPageRunner.java:33)
at java.base/java.util.ArrayList.forEach(ArrayList.java:1596)
at java.base/java.util.concurrent.FutureTask.run(FutureTask.java:317)
at java.base/java.util.concurrent.ThreadPoolExecutor.runWorker(ThreadPoolExecutor.java:1144)
at java.base/java.util.concurrent.ThreadPoolExecutor$Worker.run(ThreadPoolExecutor.java:642)
at java.base/java.lang.Thread.run(Thread.java:1583)
... Removed 17 stack frames]]>
    </failure>
  </testcase> <!-- withoutDepartment -->
  <testcase classname="com.runnermaterials.LoginPageRunner" name="wrongPassword" time="0.002">
    <failure type="java.lang.AssertionError" message="Error: Occur During Opening The Url!">
      <![CDATA[java.lang.AssertionError: Error: Occur During Opening The Url!
at com.baseclass.BaseClass.launchUrl(BaseClass.java:35)
at com.pageobjectmodel.OpenHMRSLogin.invaildPassword(OpenHMRSLogin.java:56)
at com.runnermaterials.LoginPageRunner.wrongPassword(LoginPageRunner.java:28)
at java.base/java.util.ArrayList.forEach(ArrayList.java:1596)
at java.base/java.util.concurrent.FutureTask.run(FutureTask.java:317)
at java.base/java.util.concurrent.ThreadPoolExecutor.runWorker(ThreadPoolExecutor.java:1144)
at java.base/java.util.concurrent.ThreadPoolExecutor$Worker.run(ThreadPoolExecutor.java:642)
at java.base/java.lang.Thread.run(Thread.java:1583)
... Removed 17 stack frames]]>
    </failure>
  </testcase> <!-- wrongPassword -->
  <testcase classname="com.runnermaterials.LoginPageRunner" name="validLoginTest" time="0.0">
    <ignored/>
  </testcase> <!-- validLoginTest -->
</testsuite> <!-- NegativeTests -->
