<?xml version="1.0" encoding="UTF-8"?>
<!-- Generated by org.testng.reporters.JUnitXMLReporter -->
<testsuite ignored="4" hostname="Harikrishnan" failures="1" tests="1" name="PositiveTests" time="0.171" errors="0" timestamp="2024-11-19T18:06:16 IST">
  <testcase classname="com.runnermaterials.LoginPageRunner" name="validLoginTest" time="0.087">
    <failure type="java.lang.AssertionError" message="Error: Occur During Opening The Url!">
      <![CDATA[java.lang.AssertionError: Error: Occur During Opening The Url!
at com.baseclass.BaseClass.launchUrl(BaseClass.java:35)
at com.pageobjectmodel.OpenHMRSLogin.vaildLogin(OpenHMRSLogin.java:41)
at com.runnermaterials.LoginPageRunner.validLoginTest(LoginPageRunner.java:23)
at java.base/java.util.ArrayList.forEach(ArrayList.java:1596)
at java.base/java.util.concurrent.FutureTask.run(FutureTask.java:317)
at java.base/java.util.concurrent.ThreadPoolExecutor.runWorker(ThreadPoolExecutor.java:1144)
at java.base/java.util.concurrent.ThreadPoolExecutor$Worker.run(ThreadPoolExecutor.java:642)
at java.base/java.lang.Thread.run(Thread.java:1583)
... Removed 17 stack frames]]>
    </failure>
  </testcase> <!-- validLoginTest -->
  <testcase classname="com.runnermaterials.LoginPageRunner" name="onlyDepartment" time="0.0">
    <ignored/>
  </testcase> <!-- onlyDepartment -->
  <testcase classname="com.runnermaterials.LoginPageRunner" name="withoutAnyInput" time="0.0">
    <ignored/>
  </testcase> <!-- withoutAnyInput -->
  <testcase classname="com.runnermaterials.LoginPageRunner" name="withoutDepartment" time="0.0">
    <ignored/>
  </testcase> <!-- withoutDepartment -->
  <testcase classname="com.runnermaterials.LoginPageRunner" name="wrongPassword" time="0.0">
    <ignored/>
  </testcase> <!-- wrongPassword -->
</testsuite> <!-- PositiveTests -->
